Flow report for lab04_ab
Mon Oct 11 10:33:16 2021
Quartus II 64-Bit Version 14.1.0 Build 186 12/03/2014 SJ Web Edition


---------------------
; Table of Contents ;
---------------------
  1. Legal Notice
  2. Flow Summary
  3. Flow Settings
  4. Flow Non-Default Global Settings
  5. Flow Elapsed Time
  6. Flow OS Summary
  7. Flow Log
  8. Flow Messages
  9. Flow Suppressed Messages



----------------
; Legal Notice ;
----------------
Copyright (C) 1991-2014 Altera Corporation. All rights reserved.
Your use of Altera Corporation's design tools, logic functions 
and other software and tools, and its AMPP partner logic 
functions, and any output files from any of the foregoing 
(including device programming or simulation files), and any 
associated documentation or information are expressly subject 
to the terms and conditions of the Altera Program License 
Subscription Agreement, the Altera Quartus II License Agreement,
the Altera MegaCore Function License Agreement, or other 
applicable license agreement, including, without limitation, 
that your use is for the sole purpose of programming logic 
devices manufactured by Altera and sold by Altera or its 
authorized distributors.  Please refer to the applicable 
agreement for further details.



+---------------------------------------------------------------------------------+
; Flow Summary                                                                    ;
+------------------------------------+--------------------------------------------+
; Flow Status                        ; Successful - Mon Oct 11 10:33:16 2021      ;
; Quartus II 64-Bit Version          ; 14.1.0 Build 186 12/03/2014 SJ Web Edition ;
; Revision Name                      ; lab04_ab                                   ;
; Top-level Entity Name              ; game                                       ;
; Family                             ; Cyclone IV E                               ;
; Device                             ; EP4CE115F29C7                              ;
; Timing Models                      ; Final                                      ;
; Total logic elements               ; 20 / 114,480 ( < 1 % )                     ;
;     Total combinational functions  ; 20 / 114,480 ( < 1 % )                     ;
;     Dedicated logic registers      ; 8 / 114,480 ( < 1 % )                      ;
; Total registers                    ; 8                                          ;
; Total pins                         ; 17 / 529 ( 3 % )                           ;
; Total virtual pins                 ; 0                                          ;
; Total memory bits                  ; 0 / 3,981,312 ( 0 % )                      ;
; Embedded Multiplier 9-bit elements ; 0 / 532 ( 0 % )                            ;
; Total PLLs                         ; 0 / 4 ( 0 % )                              ;
+------------------------------------+--------------------------------------------+


+-----------------------------------------+
; Flow Settings                           ;
+-------------------+---------------------+
; Option            ; Setting             ;
+-------------------+---------------------+
; Start date & time ; 10/11/2021 10:32:37 ;
; Main task         ; Compilation         ;
; Revision Name     ; lab04_ab            ;
+-------------------+---------------------+


+-------------------------------------------------------------------------------------------------------------------------------------+
; Flow Non-Default Global Settings                                                                                                    ;
+-------------------------------------+-----------------------------+---------------+-------------+-----------------------------------+
; Assignment Name                     ; Value                       ; Default Value ; Entity Name ; Section Id                        ;
+-------------------------------------+-----------------------------+---------------+-------------+-----------------------------------+
; COMPILER_SIGNATURE_ID               ; 52237185203.163396275708164 ; --            ; --          ; --                                ;
; EDA_GENERATE_FUNCTIONAL_NETLIST     ; Off                         ; --            ; --          ; eda_board_design_timing           ;
; EDA_GENERATE_FUNCTIONAL_NETLIST     ; Off                         ; --            ; --          ; eda_board_design_symbol           ;
; EDA_GENERATE_FUNCTIONAL_NETLIST     ; Off                         ; --            ; --          ; eda_board_design_signal_integrity ;
; EDA_GENERATE_FUNCTIONAL_NETLIST     ; Off                         ; --            ; --          ; eda_board_design_boundary_scan    ;
; EDA_OUTPUT_DATA_FORMAT              ; Verilog Hdl                 ; --            ; --          ; eda_simulation                    ;
; EDA_SIMULATION_TOOL                 ; ModelSim-Altera (Verilog)   ; <None>        ; --          ; --                                ;
; EDA_TIME_SCALE                      ; 1 ps                        ; --            ; --          ; eda_simulation                    ;
; MAX_CORE_JUNCTION_TEMP              ; 85                          ; --            ; --          ; --                                ;
; MIN_CORE_JUNCTION_TEMP              ; 0                           ; --            ; --          ; --                                ;
; NOMINAL_CORE_SUPPLY_VOLTAGE         ; 1.2V                        ; --            ; --          ; --                                ;
; PARTITION_COLOR                     ; 16764057                    ; --            ; game        ; Top                               ;
; PARTITION_FITTER_PRESERVATION_LEVEL ; PLACEMENT_AND_ROUTING       ; --            ; game        ; Top                               ;
; PARTITION_NETLIST_TYPE              ; SOURCE                      ; --            ; game        ; Top                               ;
; PROJECT_OUTPUT_DIRECTORY            ; output_files                ; --            ; --          ; --                                ;
; TOP_LEVEL_ENTITY                    ; game                        ; lab04_ab      ; --          ; --                                ;
+-------------------------------------+-----------------------------+---------------+-------------+-----------------------------------+


+-------------------------------------------------------------------------------------------------------------------------------+
; Flow Elapsed Time                                                                                                             ;
+---------------------------+--------------+-------------------------+---------------------+------------------------------------+
; Module Name               ; Elapsed Time ; Average Processors Used ; Peak Virtual Memory ; Total CPU Time (on all processors) ;
+---------------------------+--------------+-------------------------+---------------------+------------------------------------+
; Analysis & Synthesis      ; 00:00:11     ; 1.0                     ; 4736 MB             ; 00:00:23                           ;
; Fitter                    ; 00:00:16     ; 1.0                     ; 5234 MB             ; 00:00:15                           ;
; Assembler                 ; 00:00:03     ; 1.0                     ; 4695 MB             ; 00:00:04                           ;
; TimeQuest Timing Analyzer ; 00:00:02     ; 1.0                     ; 4808 MB             ; 00:00:02                           ;
; EDA Netlist Writer        ; 00:00:00     ; 1.0                     ; 4661 MB             ; 00:00:01                           ;
; Total                     ; 00:00:32     ; --                      ; --                  ; 00:00:45                           ;
+---------------------------+--------------+-------------------------+---------------------+------------------------------------+


+----------------------------------------------------------------------------------------+
; Flow OS Summary                                                                        ;
+---------------------------+------------------+-----------+------------+----------------+
; Module Name               ; Machine Hostname ; OS Name   ; OS Version ; Processor type ;
+---------------------------+------------------+-----------+------------+----------------+
; Analysis & Synthesis      ; DESKTOP-4C6MK7A  ; Windows 7 ; 6.2        ; x86_64         ;
; Fitter                    ; DESKTOP-4C6MK7A  ; Windows 7 ; 6.2        ; x86_64         ;
; Assembler                 ; DESKTOP-4C6MK7A  ; Windows 7 ; 6.2        ; x86_64         ;
; TimeQuest Timing Analyzer ; DESKTOP-4C6MK7A  ; Windows 7 ; 6.2        ; x86_64         ;
; EDA Netlist Writer        ; DESKTOP-4C6MK7A  ; Windows 7 ; 6.2        ; x86_64         ;
+---------------------------+------------------+-----------+------------+----------------+


------------
; Flow Log ;
------------
quartus_map --read_settings_files=on --write_settings_files=off lab04_ab -c lab04_ab
quartus_fit --read_settings_files=off --write_settings_files=off lab04_ab -c lab04_ab
quartus_asm --read_settings_files=off --write_settings_files=off lab04_ab -c lab04_ab
quartus_sta lab04_ab -c lab04_ab
quartus_eda --read_settings_files=off --write_settings_files=off lab04_ab -c lab04_ab



